Jun 14 20:13:49 mc-server: INSTALL: INFO: Logs installed
Jun 14 20:13:49 mc-server: INSTALL: PASS: Downloading check_deps.sh: OK
Jun 14 20:13:55 mc-server: INSTALL: PASS: Downloading install_server_files.sh: OK
Jun 14 20:13:57 mc-server: INSTALL: PASS: Downloading install_minecraft_eula.sh: OK
Jun 14 20:14:10 mc-server: INSTALL: PASS: Downloading update_minecraft.sh: OK
Jun 14 20:14:15 mc-server: UPDATE: PASS: Downloading minecraft_server.1.12.jar: OK
Jun 14 20:14:15 mc-server: UPDATE: Copying to /home/techno/minecraft/1.7.10/SERVER/serverfiles
Jun 14 20:14:22 mc-server: INSTALL: PASS: Downloading install_config.sh: OK
Jun 14 20:14:25 mc-server: INSTALL: PASS: Downloading server.properties: OK
Jun 14 20:14:25 mc-server: INSTALL: INFO: copying server.properties config file.
Jun 14 20:14:26 mc-server: INSTALL: INFO: changing hostname.
Jun 14 20:14:27 mc-server: INSTALL: INFO: changing rcon/admin password.
Jun 14 20:14:28 mc-server: INSTALL: PASS: Downloading fix.sh: OK
Jun 14 20:14:28 mc-server: INSTALL: PASS: Downloading install_complete.sh: OK
Jun 14 20:14:28 mc-server: INSTALL: INFO: Install Complete!
Jun 14 20:14:29 mc-server: INSTALL: PASS: install_complete.sh exiting with code: 0
Jun 14 20:19:45 mc-server: PASS: Downloading command_start.sh: OK
Jun 14 20:19:47 mc-server: CHECK: FATAL: Ownership issues found
Jun 14 20:19:47 mc-server: CHECK: INFO: The current user (techno) does not have ownership of the following files:
User  Group  File
root  root   /home/techno/minecraft/1.7.10/SERVER/serverfiles/.gitignore
Jun 14 20:19:47 mc-server: CHECK: For more information, please see https://github.com/GameServerManagers/LinuxGSM/wiki/FAQ#-fail--starting-game-server-ownership-issues-found
Jun 14 20:19:47 mc-server: CHECK: FATAL: command_start.sh exiting with code: 1
Jun 14 20:19:56 mc-server: CHECK: WARN: Permissions issue found
Jun 14 20:19:56 mc-server: CHECK: INFO: The following file is not executable:
Jun 14 20:19:56 mc-server: CHECK: INFO: /home/techno/minecraft/1.7.10/SERVER/serverfiles/forge-1.7.10-10.13.4.1614-1.7.10-universal.jar
Jun 14 20:19:56 mc-server: CHECK: INFO: Applying chmod u+x,g+x 664
Jun 14 20:19:56 mc-server: CHECK: PASS: Downloading check_system_dir.sh: OK
Jun 14 20:19:57 mc-server: CHECK: PASS: Downloading check_executable.sh: OK
Jun 14 20:19:57 mc-server: CHECK: PASS: Downloading check_logs.sh: OK
Jun 14 20:19:58 mc-server: CHECK: PASS: Downloading check_config.sh: OK
Jun 14 20:19:59 mc-server: CHECK: WARN: Configuration file missing!
Jun 14 20:19:59 mc-server: CHECK: WARN: /home/techno/minecraft/1.7.10/SERVER/serverfiles/server.properties
Jun 14 20:20:02 mc-server: INSTALL: INFO: copying server.properties config file.
Jun 14 20:20:03 mc-server: INSTALL: INFO: changing hostname.
Jun 14 20:20:04 mc-server: INSTALL: INFO: changing rcon/admin password.
Jun 14 20:20:05 mc-server: CHECK: PASS: Downloading check_ip.sh: OK
Jun 14 20:20:06 mc-server: CHECK: PASS: Downloading info_config.sh: OK
Jun 14 20:20:08 mc-server: CHECK: FATAL: Multiple active network interfaces found.
Jun 14 20:20:08 mc-server: CHECK: FATAL: Manually specify the IP you want to use within the mcserver script.
Jun 14 20:20:08 mc-server: CHECK: FATAL: https://gameservermanagers.com/network-interfaces

Jun 14 20:20:08 mc-server: CHECK: FATAL: check_ip.sh exiting with code: 1
Jun 14 20:21:17 mc-server: CHECK: PASS: Downloading check_status.sh: OK
Jun 14 20:21:17 mc-server: START: PASS: Downloading logs.sh: OK
Jun 14 20:21:17 mc-server: START: INFO: Rotating log files
