Jun 14 21:05:57 mc-server: START: PASS: Started §cT§6e§ec§2h§9n§do§5'§cs §6C§eo§am§9m§du§5n§ci§6t§ey §aM§9i§dn§5e§cc§6r§ea§af§9t §dS§5e§ar§6v§ee§ar§9!
Jun 14 21:05:57 mc-server: START: PASS: command_start.sh exiting with code: 0
Jun 14 21:05:59 mc-server: ERROR: core_getopt.sh exiting with code: 2
Jun 14 21:06:05 mc-server: CONSOLE: PASS: Console accessed
Jun 14 21:13:40 mc-server: CONSOLE: PASS: Console closed
Jun 14 21:13:40 mc-server: CONSOLE: PASS: command_console.sh exiting with code: 0
Jun 14 21:14:44 mc-server: CONSOLE: PASS: Console accessed
Jun 14 21:18:41 mc-server: CONSOLE: PASS: Console closed
Jun 14 21:18:41 mc-server: CONSOLE: PASS: command_console.sh exiting with code: 0
Jun 14 21:18:41 mc-server: PASS: core_getopt.sh exiting with code: 0
Jun 14 21:19:02 mc-server: PASS: Downloading command_backup.sh: OK
Jun 14 21:19:02 mc-server: BACKUP: INFO: Lockfile generated
Jun 14 21:19:02 mc-server: BACKUP: INFO: /home/techno/minecraft/1.7.10/SERVER/lgsm/tmp/.backup.lock
Jun 14 21:19:02 mc-server: BACKUP: INFO: Backup starting
Jun 14 21:19:05 mc-server: BACKUP: WARN: mc-server will be stopped during the backup
Jun 14 21:19:10 mc-server: STOP: INFO: Graceful: CTRL+c
Jun 14 21:19:11 mc-server: STOP: PASS: Graceful: CTRL+c: OK: 2 seconds
Jun 14 21:19:12 mc-server: STOP: INFO: tmux kill-session: §cT§6e§ec§2h§9n§do§5'§cs §6C§eo§am§9m§du§5n§ci§6t§ey §aM§9i§dn§5e§cc§6r§ea§af§9t §dS§5e§ar§6v§ee§ar§9\!
Jun 14 21:19:13 mc-server: STOP: PASS: Stopped §cT§6e§ec§2h§9n§do§5'§cs §6C§eo§am§9m§du§5n§ci§6t§ey §aM§9i§dn§5e§cc§6r§ea§af§9t §dS§5e§ar§6v§ee§ar§9\!
Jun 14 21:19:13 mc-server: BACKUP: INFO: A total of 178M will be compressed: /home/techno/minecraft/1.7.10/SERVER/backups/mc-server-2017-06-14-211902.tar.gz
Jun 14 21:19:15 mc-server: BACKUP: INFO: backup 178M mc-server-2017-06-14-211902.tar.gz, in progress
Jun 14 21:19:23 mc-server: BACKUP: PASS: Backup created: mc-server-2017-06-14-211902.tar.gz, total size 173M
Jun 14 21:19:25 mc-server: START: INFO: Rotating log files
